==1935== Memcheck, a memory error detector
==1935== Copyright (C) 2002-2017, and GNU GPL'd, by Julian Seward et al.
==1935== Using Valgrind-3.18.1 and LibVEX; rerun with -h for copyright info
==1935== Command: ./bmp pepper.bmp
==1935== 
==1935== Conditional jump or move depends on uninitialised value(s)
==1935==    at 0x486B2B8: __GI_strlen (in /usr/libexec/valgrind/vgpreload_memcheck-arm64-linux.so)
==1935==    by 0x48F1F67: __vfprintf_internal (vfprintf-internal.c:1517)
==1935==    by 0x48E099F: fprintf (fprintf.c:32)
==1935==    by 0x108E4F: display_header (bmp_stenography.c:104)
==1935==    by 0x108D37: main (bmp_stenography.c:79)
==1935== 
==1935== 
==1935== HEAP SUMMARY:
==1935==     in use at exit: 0 bytes in 0 blocks
==1935==   total heap usage: 3 allocs, 3 frees, 8,664 bytes allocated
==1935== 
==1935== All heap blocks were freed -- no leaks are possible
==1935== 
==1935== Use --track-origins=yes to see where uninitialised values come from
==1935== For lists of detected and suppressed errors, rerun with: -s
==1935== ERROR SUMMARY: 1 errors from 1 contexts (suppressed: 0 from 0)
